<?xml version="1.0" encoding="UTF-8"?>
<testng-results ignored="2" total="13" passed="11" failed="0" skipped="0">
  <reporter-output>
  </reporter-output>
  <suite started-at="2025-03-12T13:25:57 IST" name="Suite" finished-at="2025-03-12T13:26:06 IST" duration-ms="8405">
    <groups>
    </groups>
    <test started-at="2025-03-12T13:25:57 IST" name="Test" finished-at="2025-03-12T13:26:06 IST" duration-ms="8405">
      <class name="com.testngpackage.FB_Test_Tesng_Class">
        <test-method signature="FB_Application_Open()[pri:0, instance:com.testngpackage.FB_Test_Tesng_Class@43c1b556]" started-at="2025-03-12T13:25:57 IST" name="FB_Application_Open" finished-at="2025-03-12T13:26:00 IST" duration-ms="2361" status="PASS">
          <reporter-output>
          </reporter-output>
        </test-method> <!-- FB_Application_Open -->
        <test-method signature="FB_Creation_textbox()[pri:1, instance:com.testngpackage.FB_Test_Tesng_Class@43c1b556]" started-at="2025-03-12T13:26:00 IST" name="FB_Creation_textbox" finished-at="2025-03-12T13:26:01 IST" duration-ms="1353" status="PASS">
          <reporter-output>
          </reporter-output>
        </test-method> <!-- FB_Creation_textbox -->
        <test-method signature="FB_DropDowns()[pri:2, instance:com.testngpackage.FB_Test_Tesng_Class@43c1b556]" started-at="2025-03-12T13:26:01 IST" name="FB_DropDowns" finished-at="2025-03-12T13:26:01 IST" duration-ms="279" status="PASS">
          <reporter-output>
          </reporter-output>
        </test-method> <!-- FB_DropDowns -->
        <test-method signature="FB_CaptureScreen()[pri:3, instance:com.testngpackage.FB_Test_Tesng_Class@43c1b556]" started-at="2025-03-12T13:26:01 IST" name="FB_CaptureScreen" finished-at="2025-03-12T13:26:02 IST" duration-ms="156" status="PASS">
          <reporter-output>
          </reporter-output>
        </test-method> <!-- FB_CaptureScreen -->
      </class> <!-- com.testngpackage.FB_Test_Tesng_Class -->
      <class name="com.testngpackage.Testng_Test_Class">
        <test-method signature="ax()[pri:0, instance:com.testngpackage.Testng_Test_Class@6200f9cb]" started-at="2025-03-12T13:25:57 IST" name="ax" finished-at="2025-03-12T13:25:57 IST" duration-ms="5" status="PASS">
          <reporter-output>
          </reporter-output>
        </test-method> <!-- ax -->
        <test-method signature="az()[pri:2, instance:com.testngpackage.Testng_Test_Class@6200f9cb]" started-at="2025-03-12T13:25:57 IST" name="az" finished-at="2025-03-12T13:25:57 IST" duration-ms="2" status="PASS">
          <reporter-output>
          </reporter-output>
        </test-method> <!-- az -->
        <test-method signature="aa()[pri:4, instance:com.testngpackage.Testng_Test_Class@6200f9cb]" started-at="2025-03-12T13:25:57 IST" name="aa" finished-at="2025-03-12T13:25:57 IST" duration-ms="2" status="PASS">
          <reporter-output>
          </reporter-output>
        </test-method> <!-- aa -->
      </class> <!-- com.testngpackage.Testng_Test_Class -->
      <class name="com.testngpackage.FB_Testng_Class">
        <test-method is-config="true" signature="FB_Application_Open()[pri:0, instance:com.testngpackage.FB_Testng_Class@63070bab]" started-at="2025-03-12T13:26:02 IST" name="FB_Application_Open" finished-at="2025-03-12T13:26:04 IST" duration-ms="2420" status="PASS">
          <reporter-output>
          </reporter-output>
        </test-method> <!-- FB_Application_Open -->
        <test-method signature="FB_Creation_TextBox()[pri:0, instance:com.testngpackage.FB_Testng_Class@63070bab]" started-at="2025-03-12T13:26:04 IST" name="FB_Creation_TextBox" finished-at="2025-03-12T13:26:05 IST" duration-ms="1297" status="PASS">
          <reporter-output>
          </reporter-output>
        </test-method> <!-- FB_Creation_TextBox -->
        <test-method is-config="true" signature="FB_DropDown()[pri:0, instance:com.testngpackage.FB_Testng_Class@63070bab]" started-at="2025-03-12T13:26:05 IST" name="FB_DropDown" finished-at="2025-03-12T13:26:06 IST" duration-ms="429" status="PASS">
          <reporter-output>
          </reporter-output>
        </test-method> <!-- FB_DropDown -->
      </class> <!-- com.testngpackage.FB_Testng_Class -->
      <class name="com.testngpackage.NewTest">
        <test-method is-config="true" signature="beforeTest()[pri:0, instance:com.testngpackage.NewTest@38e79ae3]" started-at="2025-03-12T13:25:57 IST" name="beforeTest" finished-at="2025-03-12T13:25:57 IST" duration-ms="14" status="PASS">
          <reporter-output>
          </reporter-output>
        </test-method> <!-- beforeTest -->
        <test-method is-config="true" signature="beforeClass()[pri:0, instance:com.testngpackage.NewTest@38e79ae3]" started-at="2025-03-12T13:26:02 IST" name="beforeClass" finished-at="2025-03-12T13:26:02 IST" duration-ms="1" status="PASS">
          <reporter-output>
          </reporter-output>
        </test-method> <!-- beforeClass -->
        <test-method signature="f()[pri:0, instance:com.testngpackage.NewTest@38e79ae3]" started-at="2025-03-12T13:26:02 IST" name="f" finished-at="2025-03-12T13:26:02 IST" duration-ms="1" status="PASS">
          <reporter-output>
          </reporter-output>
        </test-method> <!-- f -->
        <test-method signature="test1()[pri:0, instance:com.testngpackage.NewTest@38e79ae3]" started-at="2025-03-12T13:26:02 IST" name="test1" finished-at="2025-03-12T13:26:02 IST" duration-ms="2" status="PASS">
          <reporter-output>
          </reporter-output>
        </test-method> <!-- test1 -->
        <test-method signature="test2()[pri:0, instance:com.testngpackage.NewTest@38e79ae3]" started-at="2025-03-12T13:26:02 IST" name="test2" finished-at="2025-03-12T13:26:02 IST" duration-ms="2" status="PASS">
          <reporter-output>
          </reporter-output>
        </test-method> <!-- test2 -->
        <test-method is-config="true" signature="afterClass()[pri:0, instance:com.testngpackage.NewTest@38e79ae3]" started-at="2025-03-12T13:26:02 IST" name="afterClass" finished-at="2025-03-12T13:26:02 IST" duration-ms="1" status="PASS">
          <reporter-output>
          </reporter-output>
        </test-method> <!-- afterClass -->
        <test-method is-config="true" signature="afterTest()[pri:0, instance:com.testngpackage.NewTest@38e79ae3]" started-at="2025-03-12T13:26:06 IST" name="afterTest" finished-at="2025-03-12T13:26:06 IST" duration-ms="1" status="PASS">
          <reporter-output>
          </reporter-output>
        </test-method> <!-- afterTest -->
      </class> <!-- com.testngpackage.NewTest -->
    </test> <!-- Test -->
  </suite> <!-- Suite -->
</testng-results>
