<?xml version="1.0" encoding="UTF-8"?>
<!-- Generated by org.testng.reporters.JUnitXMLReporter -->
<testsuite ignored="2" hostname="Shailaja" failures="0" tests="11" name="Test" time="8.405" errors="0" timestamp="2025-03-12T13:26:06 IST">
  <testcase classname="com.testngpackage.Testng_Test_Class" name="ax" time="0.005"/>
  <testcase classname="com.testngpackage.Testng_Test_Class" name="az" time="0.002"/>
  <testcase classname="com.testngpackage.Testng_Test_Class" name="aa" time="0.002"/>
  <testcase classname="com.testngpackage.FB_Test_Tesng_Class" name="FB_Application_Open" time="2.361"/>
  <testcase classname="com.testngpackage.FB_Test_Tesng_Class" name="FB_Creation_textbox" time="1.353"/>
  <testcase classname="com.testngpackage.FB_Test_Tesng_Class" name="FB_DropDowns" time="0.279"/>
  <testcase classname="com.testngpackage.FB_Test_Tesng_Class" name="FB_CaptureScreen" time="0.156"/>
  <testcase classname="com.testngpackage.NewTest" name="f" time="0.001"/>
  <testcase classname="com.testngpackage.NewTest" name="test1" time="0.002"/>
  <testcase classname="com.testngpackage.NewTest" name="test2" time="0.002"/>
  <testcase classname="com.testngpackage.FB_Testng_Class" name="FB_Creation_TextBox" time="1.297"/>
  <testcase classname="com.testngpackage.Testng_Test_Class" name="af" time="0.0">
    <ignored/>
  </testcase> <!-- af -->
  <testcase classname="com.testngpackage.Testng_Test_Class" name="ag" time="0.0">
    <ignored/>
  </testcase> <!-- ag -->
</testsuite> <!-- Test -->
