<?xml version="1.0" encoding="UTF-8"?>
<!-- Generated by org.testng.reporters.JUnitXMLReporter -->
<testsuite ignored="0" hostname="Shailaja" failures="0" tests="3" name="Default test" time="0.067" errors="0" timestamp="2025-03-12T11:31:02 IST">
  <testcase classname="com.testngpackage.NewTest" name="f" time="0.006"/>
  <testcase classname="com.testngpackage.NewTest" name="test1" time="0.002"/>
  <testcase classname="com.testngpackage.NewTest" name="test2" time="0.002"/>
</testsuite> <!-- Default test -->
